<?xml version="1.0" encoding="UTF-8"?>
<testng-results ignored="0" total="3" passed="2" failed="1" skipped="0">
  <reporter-output>
  </reporter-output>
  <suite started-at="2022-10-15T10:56:45 IST" name="Default suite" finished-at="2022-10-15T10:58:46 IST" duration-ms="120562">
    <groups>
    </groups>
    <test started-at="2022-10-15T10:56:45 IST" name="Default test" finished-at="2022-10-15T10:58:46 IST" duration-ms="120562">
      <class name="com.TestVagrant.runnerclass.RunnerClass">
        <test-method signature="imdb_Data()[pri:0, instance:com.TestVagrant.runnerclass.RunnerClass@30ed9c6c]" started-at="2022-10-15T10:56:46 IST" name="imdb_Data" finished-at="2022-10-15T10:58:16 IST" duration-ms="90001" status="PASS">
          <reporter-output>
          </reporter-output>
        </test-method> <!-- imdb_Data -->
        <test-method signature="wikipedia_Data()[pri:0, instance:com.TestVagrant.runnerclass.RunnerClass@30ed9c6c]" started-at="2022-10-15T10:58:16 IST" name="wikipedia_Data" finished-at="2022-10-15T10:58:44 IST" duration-ms="28101" status="PASS">
          <reporter-output>
          </reporter-output>
        </test-method> <!-- wikipedia_Data -->
        <test-method signature="validation()[pri:1, instance:com.TestVagrant.runnerclass.RunnerClass@30ed9c6c]" started-at="2022-10-15T10:58:44 IST" name="validation" finished-at="2022-10-15T10:58:44 IST" duration-ms="12" status="FAIL">
          <exception class="java.lang.AssertionError">
            <message>
              <![CDATA[expected [17 December 2021] but found [December 17, 2021 (United States)]]]>
            </message>
            <full-stacktrace>
              <![CDATA[java.lang.AssertionError: expected [17 December 2021] but found [December 17, 2021 (United States)]
at org.testng.Assert.fail(Assert.java:99)
at org.testng.Assert.failNotEquals(Assert.java:1037)
at org.testng.Assert.assertEqualsImpl(Assert.java:140)
at org.testng.Assert.assertEquals(Assert.java:122)
at org.testng.Assert.assertEquals(Assert.java:629)
at org.testng.Assert.assertEquals(Assert.java:639)
at com.TestVagrant.runnerclass.RunnerClass.validation(RunnerClass.java:58)
at java.base/jdk.internal.reflect.NativeMethodAccessorImpl.invoke0(Native Method)
at java.base/jdk.internal.reflect.NativeMethodAccessorImpl.invoke(NativeMethodAccessorImpl.java:62)
at java.base/jdk.internal.reflect.DelegatingMethodAccessorImpl.invoke(DelegatingMethodAccessorImpl.java:43)
at java.base/java.lang.reflect.Method.invoke(Method.java:566)
at org.testng.internal.MethodInvocationHelper.invokeMethod(MethodInvocationHelper.java:133)
at org.testng.internal.TestInvoker.invokeMethod(TestInvoker.java:598)
at org.testng.internal.TestInvoker.invokeTestMethod(TestInvoker.java:173)
at org.testng.internal.MethodRunner.runInSequence(MethodRunner.java:46)
at org.testng.internal.TestInvoker$MethodInvocationAgent.invoke(TestInvoker.java:824)
at org.testng.internal.TestInvoker.invokeTestMethods(TestInvoker.java:146)
at org.testng.internal.TestMethodWorker.invokeTestMethods(TestMethodWorker.java:146)
at org.testng.internal.TestMethodWorker.run(TestMethodWorker.java:128)
at java.base/java.util.ArrayList.forEach(ArrayList.java:1541)
at org.testng.TestRunner.privateRun(TestRunner.java:794)
at org.testng.TestRunner.run(TestRunner.java:596)
at org.testng.SuiteRunner.runTest(SuiteRunner.java:377)
at org.testng.SuiteRunner.runSequentially(SuiteRunner.java:371)
at org.testng.SuiteRunner.privateRun(SuiteRunner.java:332)
at org.testng.SuiteRunner.run(SuiteRunner.java:276)
at org.testng.SuiteRunnerWorker.runSuite(SuiteRunnerWorker.java:53)
at org.testng.SuiteRunnerWorker.run(SuiteRunnerWorker.java:96)
at org.testng.TestNG.runSuitesSequentially(TestNG.java:1212)
at org.testng.TestNG.runSuitesLocally(TestNG.java:1134)
at org.testng.TestNG.runSuites(TestNG.java:1063)
at org.testng.TestNG.run(TestNG.java:1031)
at org.testng.remote.AbstractRemoteTestNG.run(AbstractRemoteTestNG.java:115)
at org.testng.remote.RemoteTestNG.initAndRun(RemoteTestNG.java:251)
at org.testng.remote.RemoteTestNG.main(RemoteTestNG.java:77)
]]>
            </full-stacktrace>
          </exception> <!-- java.lang.AssertionError -->
          <reporter-output>
          </reporter-output>
        </test-method> <!-- validation -->
        <test-method is-config="true" signature="close_Browser()[pri:0, instance:com.TestVagrant.runnerclass.RunnerClass@30ed9c6c]" started-at="2022-10-15T10:58:44 IST" name="close_Browser" finished-at="2022-10-15T10:58:46 IST" duration-ms="2132" status="PASS">
          <reporter-output>
          </reporter-output>
        </test-method> <!-- close_Browser -->
      </class> <!-- com.TestVagrant.runnerclass.RunnerClass -->
    </test> <!-- Default test -->
  </suite> <!-- Default suite -->
</testng-results>
